[2024-05-01T02:20:50.959+0000] {local_task_job_runner.py:120} INFO - ::group::Pre task execution logs
[2024-05-01T02:20:50.969+0000] {taskinstance.py:2073} INFO - Dependencies all met for dep_context=non-requeueable deps ti=<TaskInstance: etl_reddit_pipeline.reddit_api_extraction manual__2024-05-01T02:20:49.644003+00:00 [queued]>
[2024-05-01T02:20:50.972+0000] {taskinstance.py:2073} INFO - Dependencies all met for dep_context=requeueable deps ti=<TaskInstance: etl_reddit_pipeline.reddit_api_extraction manual__2024-05-01T02:20:49.644003+00:00 [queued]>
[2024-05-01T02:20:50.972+0000] {taskinstance.py:2303} INFO - Starting attempt 1 of 1
[2024-05-01T02:20:50.982+0000] {taskinstance.py:2327} INFO - Executing <Task(PythonOperator): reddit_api_extraction> on 2024-05-01 02:20:49.644003+00:00
[2024-05-01T02:20:50.989+0000] {standard_task_runner.py:63} INFO - Started process 79 to run task
[2024-05-01T02:20:50.992+0000] {standard_task_runner.py:90} INFO - Running: ['airflow', 'tasks', 'run', 'etl_reddit_pipeline', 'reddit_api_extraction', 'manual__2024-05-01T02:20:49.644003+00:00', '--job-id', '16', '--raw', '--subdir', 'DAGS_FOLDER/redditDag.py', '--cfg-path', '/tmp/tmpp85nhvj5']
[2024-05-01T02:20:50.994+0000] {standard_task_runner.py:91} INFO - Job 16: Subtask reddit_api_extraction
[2024-05-01T02:20:51.020+0000] {task_command.py:426} INFO - Running <TaskInstance: etl_reddit_pipeline.reddit_api_extraction manual__2024-05-01T02:20:49.644003+00:00 [running]> on host 4ea0e7f2323e
[2024-05-01T02:20:51.054+0000] {taskinstance.py:2644} INFO - Exporting env vars: AIRFLOW_CTX_DAG_OWNER='Vaibhav Sharma' AIRFLOW_CTX_DAG_ID='etl_reddit_pipeline' AIRFLOW_CTX_TASK_ID='reddit_api_extraction' AIRFLOW_CTX_EXECUTION_DATE='2024-05-01T02:20:49.644003+00:00' AIRFLOW_CTX_TRY_NUMBER='1' AIRFLOW_CTX_DAG_RUN_ID='manual__2024-05-01T02:20:49.644003+00:00'
[2024-05-01T02:20:51.055+0000] {taskinstance.py:430} INFO - ::endgroup::
[2024-05-01T02:20:51.062+0000] {logging_mixin.py:188} INFO - connected to reddit!
[2024-05-01T02:20:51.063+0000] {logging_mixin.py:188} INFO - <class 'praw.models.listing.generator.ListingGenerator'>
[2024-05-01T02:20:52.045+0000] {taskinstance.py:441} INFO - ::group::Post task execution logs
[2024-05-01T02:20:52.047+0000] {taskinstance.py:2890} ERROR - Task failed with exception
Traceback (most recent call last):
  File "/home/airflow/.local/lib/python3.9/site-packages/airflow/models/taskinstance.py", line 465, in _execute_task
    result = _execute_callable(context=context, **execute_callable_kwargs)
  File "/home/airflow/.local/lib/python3.9/site-packages/airflow/models/taskinstance.py", line 432, in _execute_callable
    return execute_callable(context=context, **execute_callable_kwargs)
  File "/home/airflow/.local/lib/python3.9/site-packages/airflow/models/baseoperator.py", line 400, in wrapper
    return func(self, *args, **kwargs)
  File "/home/airflow/.local/lib/python3.9/site-packages/airflow/operators/python.py", line 235, in execute
    return_value = self.execute_callable()
  File "/home/airflow/.local/lib/python3.9/site-packages/airflow/operators/python.py", line 252, in execute_callable
    return self.python_callable(*self.op_args, **self.op_kwargs)
  File "/opt/airflow/pipelines/redditPipeline.py", line 12, in reddit_pipeline
    posts = extract_posts(instance, subreddit, time_filter, limit)
  File "/opt/airflow/etls/redditEtl.py", line 34, in extract_posts
    post = {key: post_dict[key] for key in POST_FIELDS}
NameError: name 'POST_FIELDS' is not defined
[2024-05-01T02:20:52.082+0000] {taskinstance.py:1205} INFO - Marking task as FAILED. dag_id=etl_reddit_pipeline, task_id=reddit_api_extraction, execution_date=20240501T022049, start_date=20240501T022050, end_date=20240501T022052
[2024-05-01T02:20:52.094+0000] {standard_task_runner.py:110} ERROR - Failed to execute job 16 for task reddit_api_extraction (name 'POST_FIELDS' is not defined; 79)
[2024-05-01T02:20:52.139+0000] {local_task_job_runner.py:240} INFO - Task exited with return code 1
[2024-05-01T02:20:52.160+0000] {taskinstance.py:3482} INFO - 0 downstream tasks scheduled from follow-on schedule check
[2024-05-01T02:20:52.163+0000] {local_task_job_runner.py:222} INFO - ::endgroup::
