[2024-04-30T20:30:26.074+0000] {local_task_job_runner.py:120} INFO - ::group::Pre task execution logs
[2024-04-30T20:30:26.097+0000] {taskinstance.py:2073} INFO - Dependencies all met for dep_context=non-requeueable deps ti=<TaskInstance: etl_reddit_pipeline.google_api_extraction manual__2024-04-30T20:30:22.459407+00:00 [queued]>
[2024-04-30T20:30:26.109+0000] {taskinstance.py:2073} INFO - Dependencies all met for dep_context=requeueable deps ti=<TaskInstance: etl_reddit_pipeline.google_api_extraction manual__2024-04-30T20:30:22.459407+00:00 [queued]>
[2024-04-30T20:30:26.111+0000] {taskinstance.py:2303} INFO - Starting attempt 1 of 1
[2024-04-30T20:30:26.158+0000] {taskinstance.py:2327} INFO - Executing <Task(PythonOperator): google_api_extraction> on 2024-04-30 20:30:22.459407+00:00
[2024-04-30T20:30:26.165+0000] {standard_task_runner.py:63} INFO - Started process 58 to run task
[2024-04-30T20:30:26.172+0000] {standard_task_runner.py:90} INFO - Running: ['airflow', 'tasks', 'run', 'etl_reddit_pipeline', 'google_api_extraction', 'manual__2024-04-30T20:30:22.459407+00:00', '--job-id', '4', '--raw', '--subdir', 'DAGS_FOLDER/redditDag.py', '--cfg-path', '/tmp/tmp1n6fk2_x']
[2024-04-30T20:30:26.175+0000] {standard_task_runner.py:91} INFO - Job 4: Subtask google_api_extraction
[2024-04-30T20:30:26.276+0000] {task_command.py:426} INFO - Running <TaskInstance: etl_reddit_pipeline.google_api_extraction manual__2024-04-30T20:30:22.459407+00:00 [running]> on host bfcdeb2a62e6
[2024-04-30T20:30:26.503+0000] {taskinstance.py:2644} INFO - Exporting env vars: AIRFLOW_CTX_DAG_OWNER='Vaibhav Sharma' AIRFLOW_CTX_DAG_ID='etl_reddit_pipeline' AIRFLOW_CTX_TASK_ID='google_api_extraction' AIRFLOW_CTX_EXECUTION_DATE='2024-04-30T20:30:22.459407+00:00' AIRFLOW_CTX_TRY_NUMBER='1' AIRFLOW_CTX_DAG_RUN_ID='manual__2024-04-30T20:30:22.459407+00:00'
[2024-04-30T20:30:26.505+0000] {taskinstance.py:430} INFO - ::endgroup::
[2024-04-30T20:30:26.519+0000] {taskinstance.py:441} INFO - ::group::Post task execution logs
[2024-04-30T20:30:26.519+0000] {taskinstance.py:2890} ERROR - Task failed with exception
Traceback (most recent call last):
  File "/home/airflow/.local/lib/python3.9/site-packages/airflow/models/taskinstance.py", line 465, in _execute_task
    result = _execute_callable(context=context, **execute_callable_kwargs)
  File "/home/airflow/.local/lib/python3.9/site-packages/airflow/models/taskinstance.py", line 432, in _execute_callable
    return execute_callable(context=context, **execute_callable_kwargs)
  File "/home/airflow/.local/lib/python3.9/site-packages/airflow/models/baseoperator.py", line 400, in wrapper
    return func(self, *args, **kwargs)
  File "/home/airflow/.local/lib/python3.9/site-packages/airflow/operators/python.py", line 235, in execute
    return_value = self.execute_callable()
  File "/home/airflow/.local/lib/python3.9/site-packages/airflow/operators/python.py", line 252, in execute_callable
    return self.python_callable(*self.op_args, **self.op_kwargs)
TypeError: custom_search_pipeline() missing 1 required positional argument: 'query'
[2024-04-30T20:30:26.528+0000] {taskinstance.py:1205} INFO - Marking task as FAILED. dag_id=etl_reddit_pipeline, task_id=google_api_extraction, execution_date=20240430T203022, start_date=20240430T203026, end_date=20240430T203026
[2024-04-30T20:30:26.541+0000] {standard_task_runner.py:110} ERROR - Failed to execute job 4 for task google_api_extraction (custom_search_pipeline() missing 1 required positional argument: 'query'; 58)
[2024-04-30T20:30:26.556+0000] {local_task_job_runner.py:240} INFO - Task exited with return code 1
[2024-04-30T20:30:26.581+0000] {taskinstance.py:3482} INFO - 0 downstream tasks scheduled from follow-on schedule check
[2024-04-30T20:30:26.582+0000] {local_task_job_runner.py:222} INFO - ::endgroup::
