[2024-05-01T04:51:56.463+0000] {local_task_job_runner.py:120} INFO - ::group::Pre task execution logs
[2024-05-01T04:51:56.472+0000] {taskinstance.py:2073} INFO - Dependencies all met for dep_context=non-requeueable deps ti=<TaskInstance: etl_reddit_pipeline.s3_upload manual__2024-05-01T04:51:50.337682+00:00 [queued]>
[2024-05-01T04:51:56.475+0000] {taskinstance.py:2073} INFO - Dependencies all met for dep_context=requeueable deps ti=<TaskInstance: etl_reddit_pipeline.s3_upload manual__2024-05-01T04:51:50.337682+00:00 [queued]>
[2024-05-01T04:51:56.475+0000] {taskinstance.py:2303} INFO - Starting attempt 1 of 1
[2024-05-01T04:51:56.480+0000] {taskinstance.py:2327} INFO - Executing <Task(PythonOperator): s3_upload> on 2024-05-01 04:51:50.337682+00:00
[2024-05-01T04:51:56.484+0000] {standard_task_runner.py:63} INFO - Started process 94 to run task
[2024-05-01T04:51:56.488+0000] {standard_task_runner.py:90} INFO - Running: ['airflow', 'tasks', 'run', 'etl_reddit_pipeline', 's3_upload', 'manual__2024-05-01T04:51:50.337682+00:00', '--job-id', '21', '--raw', '--subdir', 'DAGS_FOLDER/redditDag.py', '--cfg-path', '/tmp/tmpgojyw3l8']
[2024-05-01T04:51:56.491+0000] {standard_task_runner.py:91} INFO - Job 21: Subtask s3_upload
[2024-05-01T04:51:56.509+0000] {task_command.py:426} INFO - Running <TaskInstance: etl_reddit_pipeline.s3_upload manual__2024-05-01T04:51:50.337682+00:00 [running]> on host 4ea0e7f2323e
[2024-05-01T04:51:56.537+0000] {taskinstance.py:2644} INFO - Exporting env vars: AIRFLOW_CTX_DAG_OWNER='Vaibhav Sharma' AIRFLOW_CTX_DAG_ID='etl_reddit_pipeline' AIRFLOW_CTX_TASK_ID='s3_upload' AIRFLOW_CTX_EXECUTION_DATE='2024-05-01T04:51:50.337682+00:00' AIRFLOW_CTX_TRY_NUMBER='1' AIRFLOW_CTX_DAG_RUN_ID='manual__2024-05-01T04:51:50.337682+00:00'
[2024-05-01T04:51:56.538+0000] {taskinstance.py:430} INFO - ::endgroup::
[2024-05-01T04:51:57.355+0000] {logging_mixin.py:188} INFO - Bucket already exists
[2024-05-01T04:51:57.575+0000] {logging_mixin.py:188} INFO - File 'reddit_search_20240429.csv' uploaded to S3 as 'output/raw/reddit_search_20240429.csv'
[2024-05-01T04:51:57.769+0000] {logging_mixin.py:188} INFO - File 'reddit_20240501.csv' uploaded to S3 as 'output/raw/reddit_20240501.csv'
[2024-05-01T04:51:57.770+0000] {logging_mixin.py:188} INFO - All files uploaded to S3
[2024-05-01T04:51:57.771+0000] {python.py:237} INFO - Done. Returned value was: None
[2024-05-01T04:51:57.772+0000] {taskinstance.py:441} INFO - ::group::Post task execution logs
[2024-05-01T04:51:57.818+0000] {taskinstance.py:1205} INFO - Marking task as SUCCESS. dag_id=etl_reddit_pipeline, task_id=s3_upload, execution_date=20240501T045150, start_date=20240501T045156, end_date=20240501T045157
[2024-05-01T04:51:57.854+0000] {local_task_job_runner.py:240} INFO - Task exited with return code 0
[2024-05-01T04:51:57.869+0000] {taskinstance.py:3482} INFO - 0 downstream tasks scheduled from follow-on schedule check
[2024-05-01T04:51:57.870+0000] {local_task_job_runner.py:222} INFO - ::endgroup::
