[2024-04-30T20:31:57.537+0000] {local_task_job_runner.py:120} INFO - ::group::Pre task execution logs
[2024-04-30T20:31:57.551+0000] {taskinstance.py:2073} INFO - Dependencies all met for dep_context=non-requeueable deps ti=<TaskInstance: etl_reddit_pipeline.google_api_extraction manual__2024-04-30T20:31:54.190399+00:00 [queued]>
[2024-04-30T20:31:57.554+0000] {taskinstance.py:2073} INFO - Dependencies all met for dep_context=requeueable deps ti=<TaskInstance: etl_reddit_pipeline.google_api_extraction manual__2024-04-30T20:31:54.190399+00:00 [queued]>
[2024-04-30T20:31:57.554+0000] {taskinstance.py:2303} INFO - Starting attempt 1 of 1
[2024-04-30T20:31:57.560+0000] {taskinstance.py:2327} INFO - Executing <Task(PythonOperator): google_api_extraction> on 2024-04-30 20:31:54.190399+00:00
[2024-04-30T20:31:57.564+0000] {standard_task_runner.py:63} INFO - Started process 64 to run task
[2024-04-30T20:31:57.567+0000] {standard_task_runner.py:90} INFO - Running: ['airflow', 'tasks', 'run', 'etl_reddit_pipeline', 'google_api_extraction', 'manual__2024-04-30T20:31:54.190399+00:00', '--job-id', '7', '--raw', '--subdir', 'DAGS_FOLDER/redditDag.py', '--cfg-path', '/tmp/tmps9cx2zk7']
[2024-04-30T20:31:57.570+0000] {standard_task_runner.py:91} INFO - Job 7: Subtask google_api_extraction
[2024-04-30T20:31:57.713+0000] {task_command.py:426} INFO - Running <TaskInstance: etl_reddit_pipeline.google_api_extraction manual__2024-04-30T20:31:54.190399+00:00 [running]> on host bfcdeb2a62e6
[2024-04-30T20:31:57.857+0000] {taskinstance.py:2644} INFO - Exporting env vars: AIRFLOW_CTX_DAG_OWNER='Vaibhav Sharma' AIRFLOW_CTX_DAG_ID='etl_reddit_pipeline' AIRFLOW_CTX_TASK_ID='google_api_extraction' AIRFLOW_CTX_EXECUTION_DATE='2024-04-30T20:31:54.190399+00:00' AIRFLOW_CTX_TRY_NUMBER='1' AIRFLOW_CTX_DAG_RUN_ID='manual__2024-04-30T20:31:54.190399+00:00'
[2024-04-30T20:31:57.858+0000] {taskinstance.py:430} INFO - ::endgroup::
[2024-04-30T20:31:57.883+0000] {taskinstance.py:441} INFO - ::group::Post task execution logs
[2024-04-30T20:31:57.884+0000] {taskinstance.py:2890} ERROR - Task failed with exception
Traceback (most recent call last):
  File "/home/airflow/.local/lib/python3.9/site-packages/airflow/models/taskinstance.py", line 465, in _execute_task
    result = _execute_callable(context=context, **execute_callable_kwargs)
  File "/home/airflow/.local/lib/python3.9/site-packages/airflow/models/taskinstance.py", line 432, in _execute_callable
    return execute_callable(context=context, **execute_callable_kwargs)
  File "/home/airflow/.local/lib/python3.9/site-packages/airflow/models/baseoperator.py", line 400, in wrapper
    return func(self, *args, **kwargs)
  File "/home/airflow/.local/lib/python3.9/site-packages/airflow/operators/python.py", line 235, in execute
    return_value = self.execute_callable()
  File "/home/airflow/.local/lib/python3.9/site-packages/airflow/operators/python.py", line 252, in execute_callable
    return self.python_callable(*self.op_args, **self.op_kwargs)
TypeError: custom_search_pipeline() missing 1 required positional argument: 'query'
[2024-04-30T20:31:57.890+0000] {taskinstance.py:1205} INFO - Marking task as FAILED. dag_id=etl_reddit_pipeline, task_id=google_api_extraction, execution_date=20240430T203154, start_date=20240430T203157, end_date=20240430T203157
[2024-04-30T20:31:57.900+0000] {standard_task_runner.py:110} ERROR - Failed to execute job 7 for task google_api_extraction (custom_search_pipeline() missing 1 required positional argument: 'query'; 64)
[2024-04-30T20:31:57.913+0000] {local_task_job_runner.py:240} INFO - Task exited with return code 1
[2024-04-30T20:31:57.926+0000] {taskinstance.py:3482} INFO - 0 downstream tasks scheduled from follow-on schedule check
[2024-04-30T20:31:57.926+0000] {local_task_job_runner.py:222} INFO - ::endgroup::
