[2024-04-30T16:54:33.631+0000] {local_task_job_runner.py:120} INFO - ::group::Pre task execution logs
[2024-04-30T16:54:33.701+0000] {taskinstance.py:2073} INFO - Dependencies all met for dep_context=non-requeueable deps ti=<TaskInstance: etl_reddit_pipeline.s3_upload manual__2024-04-30T16:44:44.786615+00:00 [queued]>
[2024-04-30T16:54:33.715+0000] {taskinstance.py:2073} INFO - Dependencies all met for dep_context=requeueable deps ti=<TaskInstance: etl_reddit_pipeline.s3_upload manual__2024-04-30T16:44:44.786615+00:00 [queued]>
[2024-04-30T16:54:33.716+0000] {taskinstance.py:2303} INFO - Starting attempt 1 of 1
[2024-04-30T16:54:33.752+0000] {taskinstance.py:2327} INFO - Executing <Task(PythonOperator): s3_upload> on 2024-04-30 16:44:44.786615+00:00
[2024-04-30T16:54:33.783+0000] {standard_task_runner.py:63} INFO - Started process 79 to run task
[2024-04-30T16:54:33.796+0000] {standard_task_runner.py:90} INFO - Running: ['airflow', 'tasks', 'run', 'etl_reddit_pipeline', 's3_upload', 'manual__2024-04-30T16:44:44.786615+00:00', '--job-id', '9', '--raw', '--subdir', 'DAGS_FOLDER/redditDag.py', '--cfg-path', '/tmp/tmpcs1tnxta']
[2024-04-30T16:54:33.806+0000] {standard_task_runner.py:91} INFO - Job 9: Subtask s3_upload
[2024-04-30T16:54:33.926+0000] {task_command.py:426} INFO - Running <TaskInstance: etl_reddit_pipeline.s3_upload manual__2024-04-30T16:44:44.786615+00:00 [running]> on host 8b3d06fd7e37
[2024-04-30T16:54:34.125+0000] {taskinstance.py:2644} INFO - Exporting env vars: AIRFLOW_CTX_DAG_OWNER='Vaibhav Sharma' AIRFLOW_CTX_DAG_ID='etl_reddit_pipeline' AIRFLOW_CTX_TASK_ID='s3_upload' AIRFLOW_CTX_EXECUTION_DATE='2024-04-30T16:44:44.786615+00:00' AIRFLOW_CTX_TRY_NUMBER='1' AIRFLOW_CTX_DAG_RUN_ID='manual__2024-04-30T16:44:44.786615+00:00'
[2024-04-30T16:54:34.155+0000] {taskinstance.py:430} INFO - ::endgroup::
[2024-04-30T16:54:36.139+0000] {logging_mixin.py:188} INFO - Bucket already exists
[2024-04-30T16:54:36.458+0000] {logging_mixin.py:188} INFO - File 'reddit_20240430.csv' uploaded to S3 as 'output/raw/reddit_20240430.csv'
[2024-04-30T16:54:36.613+0000] {logging_mixin.py:188} INFO - File 'image_reddit_20240430.csv' uploaded to S3 as 'output/raw/image_reddit_20240430.csv'
[2024-04-30T16:54:36.780+0000] {logging_mixin.py:188} INFO - File 'reddit_20240429.csv' uploaded to S3 as 'output/raw/reddit_20240429.csv'
[2024-04-30T16:54:36.782+0000] {logging_mixin.py:188} INFO - All files uploaded to S3
[2024-04-30T16:54:36.784+0000] {python.py:237} INFO - Done. Returned value was: None
[2024-04-30T16:54:36.786+0000] {taskinstance.py:441} INFO - ::group::Post task execution logs
[2024-04-30T16:54:36.857+0000] {taskinstance.py:1205} INFO - Marking task as SUCCESS. dag_id=etl_reddit_pipeline, task_id=s3_upload, execution_date=20240430T164444, start_date=20240430T165433, end_date=20240430T165436
[2024-04-30T16:54:36.938+0000] {local_task_job_runner.py:240} INFO - Task exited with return code 0
[2024-04-30T16:54:37.133+0000] {taskinstance.py:3482} INFO - 0 downstream tasks scheduled from follow-on schedule check
[2024-04-30T16:54:37.137+0000] {local_task_job_runner.py:222} INFO - ::endgroup::
